Traceback (most recent call last):
  File "/usr/local/lib/python3.7/dist-packages/jupyter_cache/executors/utils.py", line 56, in single_nb_execution
    record_timing=False,
  File "/usr/local/lib/python3.7/dist-packages/nbclient/client.py", line 1204, in execute
    return NotebookClient(nb=nb, resources=resources, km=km, **kwargs).execute()
  File "/usr/local/lib/python3.7/dist-packages/nbclient/util.py", line 84, in wrapped
    return just_run(coro(*args, **kwargs))
  File "/usr/local/lib/python3.7/dist-packages/nbclient/util.py", line 62, in just_run
    return loop.run_until_complete(coro)
  File "/usr/lib/python3.7/asyncio/base_events.py", line 587, in run_until_complete
    return future.result()
  File "/usr/local/lib/python3.7/dist-packages/nbclient/client.py", line 664, in async_execute
    cell, index, execution_count=self.code_cells_executed + 1
  File "/usr/local/lib/python3.7/dist-packages/nbclient/client.py", line 965, in async_execute_cell
    await self._check_raise_for_error(cell, cell_index, exec_reply)
  File "/usr/local/lib/python3.7/dist-packages/nbclient/client.py", line 862, in _check_raise_for_error
    raise CellExecutionError.from_cell_and_msg(cell, exec_reply_content)
nbclient.exceptions.CellExecutionError: An error occurred while executing the following cell:
------------------
modsus=st.mode(dataa['Jumlah Total'])
------------------

[0;31m[0m
[0;31mStatisticsError[0mTraceback (most recent call last)
[0;32m<ipython-input-9-e2058908ed9c>[0m in [0;36m<module>[0;34m[0m
[0;32m----> 1[0;31m [0mmodsus[0m[0;34m=[0m[0mst[0m[0;34m.[0m[0mmode[0m[0;34m([0m[0mdataa[0m[0;34m[[0m[0;34m'Jumlah Total'[0m[0;34m][0m[0;34m)[0m[0;34m[0m[0;34m[0m[0m
[0m
[0;32m/usr/lib/python3.7/statistics.py[0m in [0;36mmode[0;34m(data)[0m
[1;32m    504[0m     [0;32melif[0m [0mtable[0m[0;34m:[0m[0;34m[0m[0;34m[0m[0m
[1;32m    505[0m         raise StatisticsError(
[0;32m--> 506[0;31m                 [0;34m'no unique mode; found %d equally common values'[0m [0;34m%[0m [0mlen[0m[0;34m([0m[0mtable[0m[0;34m)[0m[0;34m[0m[0;34m[0m[0m
[0m[1;32m    507[0m                 )
[1;32m    508[0m     [0;32melse[0m[0;34m:[0m[0;34m[0m[0;34m[0m[0m

[0;31mStatisticsError[0m: no unique mode; found 12 equally common values
StatisticsError: no unique mode; found 12 equally common values

