Traceback (most recent call last):
  File "/usr/local/lib/python3.7/dist-packages/jupyter_cache/executors/utils.py", line 56, in single_nb_execution
    record_timing=False,
  File "/usr/local/lib/python3.7/dist-packages/nbclient/client.py", line 1204, in execute
    return NotebookClient(nb=nb, resources=resources, km=km, **kwargs).execute()
  File "/usr/local/lib/python3.7/dist-packages/nbclient/util.py", line 84, in wrapped
    return just_run(coro(*args, **kwargs))
  File "/usr/local/lib/python3.7/dist-packages/nbclient/util.py", line 62, in just_run
    return loop.run_until_complete(coro)
  File "/usr/lib/python3.7/asyncio/base_events.py", line 587, in run_until_complete
    return future.result()
  File "/usr/local/lib/python3.7/dist-packages/nbclient/client.py", line 664, in async_execute
    cell, index, execution_count=self.code_cells_executed + 1
  File "/usr/local/lib/python3.7/dist-packages/nbclient/client.py", line 965, in async_execute_cell
    await self._check_raise_for_error(cell, cell_index, exec_reply)
  File "/usr/local/lib/python3.7/dist-packages/nbclient/client.py", line 862, in _check_raise_for_error
    raise CellExecutionError.from_cell_and_msg(cell, exec_reply_content)
nbclient.exceptions.CellExecutionError: An error occurred while executing the following cell:
------------------
# splitting the data into training and test sets (80:20)
from sklearn.model_selection import train_test_split
x_train,x_test,y_train,y_test = train_test_split(x,y,test_size=0.2,random_state=1)
------------------

[0;31m[0m
[0;31mKeyboardInterrupt[0mTraceback (most recent call last)
[0;32m<ipython-input-8-8ffb47bf4ba8>[0m in [0;36m<module>[0;34m[0m
[1;32m      1[0m [0;31m# splitting the data into training and test sets (80:20)[0m[0;34m[0m[0;34m[0m[0;34m[0m[0m
[0;32m----> 2[0;31m [0;32mfrom[0m [0msklearn[0m[0;34m.[0m[0mmodel_selection[0m [0;32mimport[0m [0mtrain_test_split[0m[0;34m[0m[0;34m[0m[0m
[0m[1;32m      3[0m [0mx_train[0m[0;34m,[0m[0mx_test[0m[0;34m,[0m[0my_train[0m[0;34m,[0m[0my_test[0m [0;34m=[0m [0mtrain_test_split[0m[0;34m([0m[0mx[0m[0;34m,[0m[0my[0m[0;34m,[0m[0mtest_size[0m[0;34m=[0m[0;36m0.2[0m[0;34m,[0m[0mrandom_state[0m[0;34m=[0m[0;36m1[0m[0;34m)[0m[0;34m[0m[0;34m[0m[0m

[0;32m/usr/local/lib/python3.7/dist-packages/sklearn/model_selection/__init__.py[0m in [0;36m<module>[0;34m[0m
[1;32m     21[0m [0;32mfrom[0m [0;34m.[0m[0m_split[0m [0;32mimport[0m [0mcheck_cv[0m[0;34m[0m[0;34m[0m[0m
[1;32m     22[0m [0;34m[0m[0m
[0;32m---> 23[0;31m [0;32mfrom[0m [0;34m.[0m[0m_validation[0m [0;32mimport[0m [0mcross_val_score[0m[0;34m[0m[0;34m[0m[0m
[0m[1;32m     24[0m [0;32mfrom[0m [0;34m.[0m[0m_validation[0m [0;32mimport[0m [0mcross_val_predict[0m[0;34m[0m[0;34m[0m[0m
[1;32m     25[0m [0;32mfrom[0m [0;34m.[0m[0m_validation[0m [0;32mimport[0m [0mcross_validate[0m[0;34m[0m[0;34m[0m[0m

[0;32m/usr/local/lib/python3.7/dist-packages/sklearn/model_selection/_validation.py[0m in [0;36m<module>[0;34m[0m
[1;32m     29[0m [0;32mfrom[0m [0;34m.[0m[0;34m.[0m[0mutils[0m[0;34m.[0m[0mfixes[0m [0;32mimport[0m [0mdelayed[0m[0;34m[0m[0;34m[0m[0m
[1;32m     30[0m [0;32mfrom[0m [0;34m.[0m[0;34m.[0m[0mutils[0m[0;34m.[0m[0mmetaestimators[0m [0;32mimport[0m [0m_safe_split[0m[0;34m[0m[0;34m[0m[0m
[0;32m---> 31[0;31m [0;32mfrom[0m [0;34m.[0m[0;34m.[0m[0mmetrics[0m [0;32mimport[0m [0mcheck_scoring[0m[0;34m[0m[0;34m[0m[0m
[0m[1;32m     32[0m [0;32mfrom[0m [0;34m.[0m[0;34m.[0m[0mmetrics[0m[0;34m.[0m[0m_scorer[0m [0;32mimport[0m [0m_check_multimetric_scoring[0m[0;34m,[0m [0m_MultimetricScorer[0m[0;34m[0m[0;34m[0m[0m
[1;32m     33[0m [0;32mfrom[0m [0;34m.[0m[0;34m.[0m[0mexceptions[0m [0;32mimport[0m [0mFitFailedWarning[0m[0;34m,[0m [0mNotFittedError[0m[0;34m[0m[0;34m[0m[0m

[0;32m/usr/local/lib/python3.7/dist-packages/sklearn/metrics/__init__.py[0m in [0;36m<module>[0;34m[0m
[1;32m     39[0m [0;32mfrom[0m [0;34m.[0m[0m_dist_metrics[0m [0;32mimport[0m [0mDistanceMetric[0m[0;34m[0m[0;34m[0m[0m
[1;32m     40[0m [0;34m[0m[0m
[0;32m---> 41[0;31m [0;32mfrom[0m [0;34m.[0m [0;32mimport[0m [0mcluster[0m[0;34m[0m[0;34m[0m[0m
[0m[1;32m     42[0m [0;32mfrom[0m [0;34m.[0m[0mcluster[0m [0;32mimport[0m [0madjusted_mutual_info_score[0m[0;34m[0m[0;34m[0m[0m
[1;32m     43[0m [0;32mfrom[0m [0;34m.[0m[0mcluster[0m [0;32mimport[0m [0madjusted_rand_score[0m[0;34m[0m[0;34m[0m[0m

[0;32m/usr/local/lib/python3.7/dist-packages/sklearn/metrics/cluster/__init__.py[0m in [0;36m<module>[0;34m[0m
[1;32m     20[0m [0;32mfrom[0m [0;34m.[0m[0m_supervised[0m [0;32mimport[0m [0mfowlkes_mallows_score[0m[0;34m[0m[0;34m[0m[0m
[1;32m     21[0m [0;32mfrom[0m [0;34m.[0m[0m_supervised[0m [0;32mimport[0m [0mentropy[0m[0;34m[0m[0;34m[0m[0m
[0;32m---> 22[0;31m [0;32mfrom[0m [0;34m.[0m[0m_unsupervised[0m [0;32mimport[0m [0msilhouette_samples[0m[0;34m[0m[0;34m[0m[0m
[0m[1;32m     23[0m [0;32mfrom[0m [0;34m.[0m[0m_unsupervised[0m [0;32mimport[0m [0msilhouette_score[0m[0;34m[0m[0;34m[0m[0m
[1;32m     24[0m [0;32mfrom[0m [0;34m.[0m[0m_unsupervised[0m [0;32mimport[0m [0mcalinski_harabasz_score[0m[0;34m[0m[0;34m[0m[0m

[0;32m/usr/lib/python3.7/importlib/_bootstrap.py[0m in [0;36m_find_and_load[0;34m(name, import_)[0m

[0;32m/usr/lib/python3.7/importlib/_bootstrap.py[0m in [0;36m_find_and_load_unlocked[0;34m(name, import_)[0m

[0;32m/usr/lib/python3.7/importlib/_bootstrap.py[0m in [0;36m_load_unlocked[0;34m(spec)[0m

[0;32m/usr/lib/python3.7/importlib/_bootstrap_external.py[0m in [0;36mexec_module[0;34m(self, module)[0m

[0;32m/usr/lib/python3.7/importlib/_bootstrap_external.py[0m in [0;36mget_code[0;34m(self, fullname)[0m

[0;32m/usr/lib/python3.7/importlib/_bootstrap_external.py[0m in [0;36m_compile_bytecode[0;34m(data, name, bytecode_path, source_path)[0m

[0;31mKeyboardInterrupt[0m: 
KeyboardInterrupt: 

